# conda environments:
#
base                     /apps/anaconda3
DGCNN                    /home/FYP/heyu0012/.conda/envs/DGCNN
GCNN_GAP                 /home/FYP/heyu0012/.conda/envs/GCNN_GAP
graphgen              *  /home/FYP/heyu0012/.conda/envs/graphgen
pytorch                  /home/FYP/heyu0012/.conda/envs/pytorch

Using backend: pytorch
  0%|          | 0/189 [00:00<?, ?it/s]100%|██████████| 189/189 [00:00<00:00, 1934.69it/s]Graphs counted 188
Successfully done node count 7
Successfully done edge count 1
{'node_forward': {'0': 0, '1': 1, '2': 2, '3': 3, '5': 4, '6': 5, '4': 6}, 'node_backward': {0: '0', 1: '1', 2: '2', 3: '3', 4: '5', 5: '6', 6: '4'}, 'edge_forward': {'0': 0}, 'edge_backward': {0: '0'}, 'max_nodes': 28, 'min_nodes': 10, 'max_edges': 33, 'min_edges': 10, 'max_degree': 4}
graphs_test: [[(3, 1), (8, 0), (10, 1), (12, 1), (19, 1), (20, 1), (21, 1), (27, 1), (37, 0), (38, 0), (52, 1), (53, 1), (54, 0), (55, 1), (57, 1), (60, 1), (70, 1), (73, 1), (76, 0), (83, 0), (89, 1), (92, 1), (104, 1), (109, 0), (111, 1), (115, 0), (118, 0), (131, 0), (134, 0), (136, 1), (144, 1), (145, 1), (146, 0), (147, 1), (161, 1), (164, 1), (179, 1), (185, 0)], [(16, 0), (23, 1), (24, 1), (31, 1), (32, 1), (39, 0), (45, 1), (47, 1), (49, 1), (59, 1), (65, 0), (66, 1), (69, 0), (81, 1), (85, 1), (90, 1), (95, 1), (97, 0), (98, 1), (99, 0), (100, 1), (102, 1), (108, 1), (112, 0), (119, 0), (121, 1), (122, 0), (123, 0), (126, 1), (129, 0), (137, 0), (150, 1), (160, 1), (163, 1), (165, 1), (166, 1), (174, 0), (177, 1)], [(0, 1), (2, 0), (9, 1), (11, 1), (17, 1), (25, 1), (33, 0), (35, 0), (43, 1), (48, 1), (51, 1), (61, 0), (68, 1), (72, 0), (79, 1), (84, 1), (96, 1), (103, 1), (107, 1), (113, 0), (114, 1), (117, 1), (127, 1), (133, 1), (138, 0), (139, 1), (140, 0), (142, 0), (143, 0), (151, 1), (153, 0), (154, 0), (157, 1), (169, 1), (171, 1), (173, 1), (180, 0), (186, 1)], [(1, 0), (6, 0), (15, 1), (18, 0), (29, 1), (34, 1), (36, 1), (42, 1), (46, 1), (56, 1), (58, 1), (63, 1), (67, 1), (71, 1), (74, 1), (78, 1), (94, 1), (101, 1), (120, 1), (124, 1), (125, 1), (132, 0), (141, 0), (148, 1), (149, 0), (152, 1), (155, 0), (156, 1), (159, 0), (167, 0), (170, 1), (172, 1), (175, 1), (181, 0), (182, 1), (184, 0), (187, 0)], [(4, 0), (5, 1), (7, 1), (13, 0), (14, 1), (22, 1), (26, 1), (28, 1), (30, 1), (40, 1), (41, 0), (44, 1), (50, 1), (62, 1), (64, 0), (75, 0), (77, 0), (80, 1), (82, 1), (86, 1), (87, 0), (88, 0), (91, 1), (93, 1), (105, 1), (106, 1), (110, 0), (116, 1), (128, 0), (130, 0), (135, 1), (158, 1), (162, 1), (168, 1), (176, 1), (178, 0), (183, 1)]]
Model: DFScodeRNN
Device: cuda:0
Graph type: MUTAG
Training set: 150
Max number of nodes: 28
Max number of edges: 33
Min number of nodes: 10
Min number of edges: 10
Max degree of a node: 4
No. of node labels: 7
No. of edge labels: 1
batch_count:  4
len of dataset:  150

batch_id:  0
data:  [{'t1': tensor([[ 0,  1,  2,  ..., 29, 29, 29],
        [ 0,  1,  2,  ..., 29, 29, 29],
        [ 0,  1,  2,  ..., 29, 29, 29],
        ...,
        [ 0,  1,  2,  ..., 29, 29, 29],
        [ 0,  1,  2,  ..., 29, 29, 29],
        [ 0,  1,  2,  ..., 29, 29, 29]]), 't2': tensor([[ 1,  2,  3,  ..., 29, 29, 29],
        [ 1,  2,  3,  ..., 29, 29, 29],
        [ 1,  2,  3,  ..., 29, 29, 29],
        ...,
        [ 1,  2,  3,  ..., 29, 29, 29],
        [ 1,  2,  3,  ..., 29, 29, 29],
        [ 1,  2,  3,  ..., 29, 29, 29]]), 'v1': tensor([[0, 0, 0,  ..., 8, 8, 8],
        [0, 0, 0,  ..., 8, 8, 8],
        [0, 0, 0,  ..., 8, 8, 8],
        ...,
        [0, 0, 0,  ..., 8, 8, 8],
        [0, 0, 0,  ..., 8, 8, 8],
        [0, 0, 0,  ..., 8, 8, 8]]), 'e': tensor([[0, 0, 0,  ..., 2, 2, 2],
        [0, 0, 0,  ..., 2, 2, 2],
        [0, 0, 0,  ..., 2, 2, 2],
        ...,
        [0, 0, 0,  ..., 2, 2, 2],
        [0, 0, 0,  ..., 2, 2, 2],
        [0, 0, 0,  ..., 2, 2, 2]]), 'v2': tensor([[0, 0, 0,  ..., 8, 8, 8],
        [0, 0, 0,  ..., 8, 8, 8],
        [0, 0, 0,  ..., 8, 8, 8],
        ...,
        [0, 0, 0,  ..., 8, 8, 8],
        [0, 0, 0,  ..., 8, 8, 8],
        [0, 0, 0,  ..., 8, 8, 8]]), 'len': tensor([25, 28, 13, 25, 27, 11, 18, 19, 25, 14, 19, 17, 25, 11, 27, 27, 27, 23,
        17, 15, 22, 13, 27, 22, 23, 27, 13, 19, 12, 20, 28, 17])}, tensor([1, 1, 0, 1, 1, 0, 1, 1, 1, 0, 1, 0, 1, 0, 1, 1, 1, 0, 0, 0, 1, 1, 1, 0,
        0, 1, 0, 1, 0, 0, 1, 1])]
