# conda environments:
#
base                     /apps/anaconda3
DGCNN                    /home/FYP/heyu0012/.conda/envs/DGCNN
GCNN_GAP              *  /home/FYP/heyu0012/.conda/envs/GCNN_GAP
graphgen                 /home/FYP/heyu0012/.conda/envs/graphgen
pytorch                  /home/FYP/heyu0012/.conda/envs/pytorch

PATH:  /cm/local/apps/environment-modules/4.4.0/bin:/cm/local/apps/environment-modules/4.4.0/bin:/home/FYP/heyu0012/.conda/envs/GCNN_GAP/bin:/cm/local/apps/environment-modules/4.4.0/bin:/apps/anaconda3/condabin:/usr/local/bin:/usr/bin:/usr/local/sbin:/usr/sbin:/home/FYP/heyu0012/bin:/cm/shared/apps/slurm/19.05.5/bin:/sbin:/usr/sbin:/cm/local/apps/environment-modules/4.4.0/bin:/home/FYP/heyu0012/local/bin:/home/FYP/heyu0012/bin:/home/FYP/heyu0012/bin:/cm/shared/apps/slurm/19.05.5/bin:/home/FYP/heyu0012/local/bin:/home/FYP/heyu0012/bin:/usr/local/cuda/bin:/home/FYP/heyu0012/bin:/cm/shared/apps/slurm/19.05.5/bin:/usr/local/cuda/bin:/apps/openmpi-3.1.2/bin:/apps/go/bin:/usr/local/R2019b/bin
====== begin of gnn configuration ======
| msg_average = 0
======   end of gnn configuration ======


torch.cuda.is_available():  True 


load_data.py load_model_data(): Unserialising pickled dataset into Graph objects
==== Dataset Information ====
== General Information == 
Number of graphs: 188
Number of classes: 2
Class distribution: 
0:63 1:125 

== Node information== 
Average number of nodes: 18
Average number of edges (undirected): 20
Max number of nodes: 28
Number of distinct node labels: 7
Average number of distinct node labels: 3
Node labels distribution: 
0:2395 1:345 2:593 3:12 4:1 5:23 6:2 

*** 1 train_index:  [  0   2   3   6   9  10  11  12  13  14  15  16  17  19  20  21  22  23
  24  26  27  30  31  32  33  35  36  38  39  41  42  43  44  45  46  47
  48  49  50  52  53  54  56  57  59  60  61  62  63  64  65  66  67  69
  70  71  72  73  74  76  77  78  79  80  81  82  83  84  87  88  89  91
  92  94  95  96  97  98 100 101 102 103 104 106 107 108 109 110 112 113
 115 116 117 118 119 120 121 122 124 125 126 127 129 130 131 132 134 136
 138 139 140 141 142 144 145 146 147 148 149 151 152 153 154 155 156 157
 158 159 160 161 164 165 166 167 169 170 171 172 173 175 176 177 178 179
 180 182 184 185 186 187]
*** 2 test_index:  [  1   4   5   7   8  18  25  28  29  34  37  40  51  55  58  68  75  85
  86  90  93  99 105 111 114 123 128 133 135 137 143 150 162 163 168 174
 181 183]
*** 1 train_index:  [  0   1   2   4   5   6   7   8  10  11  12  13  14  15  16  17  18  19
  20  21  22  24  25  26  27  28  29  30  32  33  34  35  36  37  38  39
  40  41  43  44  45  46  49  50  51  52  53  54  55  56  58  59  60  61
  62  63  64  65  66  67  68  69  70  71  74  75  76  77  79  80  81  82
  83  84  85  86  88  90  91  92  93  94  96  97  98  99 101 102 103 104
 105 106 107 111 112 113 114 115 120 121 122 123 124 125 126 128 129 130
 131 133 134 135 136 137 138 139 140 143 144 145 147 148 150 153 154 155
 156 159 162 163 164 165 167 168 169 170 171 172 173 174 175 177 178 179
 180 181 182 183 186 187]
*** 2 test_index:  [  3   9  23  31  42  47  48  57  72  73  78  87  89  95 100 108 109 110
 116 117 118 119 127 132 141 142 146 149 151 152 157 158 160 161 166 176
 184 185]
*** 1 train_index:  [  1   2   3   4   5   6   7   8   9  10  11  12  13  14  15  17  18  19
  20  23  24  25  26  28  29  31  32  34  35  36  37  38  40  41  42  43
  44  47  48  51  53  54  55  56  57  58  59  60  64  66  68  70  71  72
  73  74  75  76  77  78  79  81  82  84  85  86  87  88  89  90  92  93
  95  96  97  98  99 100 104 105 106 107 108 109 110 111 112 113 114 115
 116 117 118 119 120 121 123 124 125 126 127 128 129 130 131 132 133 134
 135 137 139 140 141 142 143 144 146 148 149 150 151 152 153 156 157 158
 159 160 161 162 163 165 166 167 168 169 171 172 173 174 175 176 177 178
 179 181 183 184 185 186]
*** 2 test_index:  [  0  16  21  22  27  30  33  39  45  46  49  50  52  61  62  63  65  67
  69  80  83  91  94 101 102 103 122 136 138 145 147 154 155 164 170 180
 182 187]
*** 1 train_index:  [  0   1   3   4   5   6   7   8   9  13  14  16  18  19  21  22  23  25
  26  27  28  29  30  31  33  34  36  37  38  39  40  42  43  45  46  47
  48  49  50  51  52  53  55  56  57  58  60  61  62  63  65  66  67  68
  69  71  72  73  75  76  77  78  79  80  81  83  84  85  86  87  88  89
  90  91  92  93  94  95  97  98  99 100 101 102 103 105 106 108 109 110
 111 113 114 115 116 117 118 119 120 121 122 123 125 127 128 131 132 133
 134 135 136 137 138 140 141 142 143 144 145 146 147 148 149 150 151 152
 154 155 156 157 158 160 161 162 163 164 165 166 168 170 171 174 175 176
 180 181 182 183 184 185 187]
*** 2 test_index:  [  2  10  11  12  15  17  20  24  32  35  41  44  54  59  64  70  74  82
  96 104 107 112 124 126 129 130 139 153 159 167 169 172 173 177 178 179
 186]
*** 1 train_index:  [  0   1   2   3   4   5   7   8   9  10  11  12  15  16  17  18  20  21
  22  23  24  25  27  28  29  30  31  32  33  34  35  37  39  40  41  42
  44  45  46  47  48  49  50  51  52  54  55  57  58  59  61  62  63  64
  65  67  68  69  70  72  73  74  75  78  80  82  83  85  86  87  89  90
  91  93  94  95  96  99 100 101 102 103 104 105 107 108 109 110 111 112
 114 116 117 118 119 122 123 124 126 127 128 129 130 132 133 135 136 137
 138 139 141 142 143 145 146 147 149 150 151 152 153 154 155 157 158 159
 160 161 162 163 164 166 167 168 169 170 172 173 174 176 177 178 179 180
 181 182 183 184 185 186 187]
*** 2 test_index:  [  6  13  14  19  26  36  38  43  53  56  60  66  71  76  77  79  81  84
  88  92  97  98 106 113 115 120 121 125 131 134 140 144 148 156 165 171
 175]
*** 3 dataset_features:  {'name': 'MUTAG', 'num_class': 2, 'label_dict': {'0': 0, '1': 1}, 'have_node_labels': True, 'have_node_attributions': False, 'node_dict': {'0': 0, '1': 1, '2': 2, '3': 3, '4': 4, '5': 5, '6': 6, 'UNKNOWN': 7}, 'feat_dim': 8, 'edge_feat_dim': 0, 'max_num_nodes': 28, 'avg_num_nodes': 18, 'graph_sizes_list': [17, 13, 13, 19, 11, 28, 16, 20, 12, 17, 17, 20, 22, 13, 19, 22, 11, 17, 13, 18, 18, 17, 23, 27, 17, 13, 23, 17, 23, 23, 22, 24, 23, 13, 17, 14, 17, 15, 15, 13, 17, 13, 19, 17, 12, 23, 22, 17, 20, 16, 26, 26, 19, 19, 14, 17, 21, 25, 23, 19, 17, 11, 23, 20, 16, 16, 20, 23, 19, 14, 26, 16, 16, 23, 18, 10, 16, 16, 17, 19, 12, 25, 16, 11, 23, 23, 16, 12, 13, 23, 25, 19, 23, 19, 19, 25, 18, 13, 15, 16, 23, 26, 19, 23, 17, 20, 25, 19, 28, 24, 11, 15, 13, 16, 12, 10, 21, 23, 21, 13, 25, 21, 17, 11, 19, 20, 21, 15, 14, 11, 19, 11, 21, 22, 11, 20, 22, 13, 11, 16, 11, 20, 12, 11, 16, 16, 13, 15, 20, 12, 12, 22, 15, 12, 14, 12, 20, 20, 20, 14, 26, 24, 22, 22, 19, 23, 22, 11, 13, 17, 24, 12, 21, 22, 22, 12, 20, 13, 22, 28, 11, 14, 22, 22, 13, 12, 21, 16], 'attr_dim': 0, 'dataset_info': '==== Dataset Information ====\n== General Information == \nNumber of graphs: 188\nNumber of classes: 2\nClass distribution: \n0:63 1:125 \n\n== Node information== \nAverage number of nodes: 18\nAverage number of edges (undirected): 20\nMax number of nodes: 28\nNumber of distinct node labels: 7\nAverage number of distinct node labels: 3\nNode labels distribution: \n0:2395 1:345 2:593 3:12 4:1 5:23 6:2 \n'}
Training a new model: GCN
Training model with dataset, testing using fold 0
*** 4 len(g_list):  150
*** 5 sample_idxes:  [0, 1, 2, 3, 4, 5, 6, 7, 8, 9, 10, 11, 12, 13, 14, 15, 16, 17, 18, 19, 20, 21, 22, 23, 24, 25, 26, 27, 28, 29, 30, 31, 32, 33, 34, 35, 36, 37, 38, 39, 40, 41, 42, 43, 44, 45, 46, 47, 48, 49, 50, 51, 52, 53, 54, 55, 56, 57, 58, 59, 60, 61, 62, 63, 64, 65, 66, 67, 68, 69, 70, 71, 72, 73, 74, 75, 76, 77, 78, 79, 80, 81, 82, 83, 84, 85, 86, 87, 88, 89, 90, 91, 92, 93, 94, 95, 96, 97, 98, 99, 100, 101, 102, 103, 104, 105, 106, 107, 108, 109, 110, 111, 112, 113, 114, 115, 116, 117, 118, 119, 120, 121, 122, 123, 124, 125, 126, 127, 128, 129, 130, 131, 132, 133, 134, 135, 136, 137, 138, 139, 140, 141, 142, 143, 144, 145, 146, 147, 148, 149]
*** 6 total_iters: 150
[92maverage training of epoch 0: loss 0.67029 acc 0.59333 roc_auc 0.48860 prc_auc 0.66469[0m
*** 4 len(g_list):  38
*** 5 sample_idxes:  [0, 1, 2, 3, 4, 5, 6, 7, 8, 9, 10, 11, 12, 13, 14, 15, 16, 17, 18, 19, 20, 21, 22, 23, 24, 25, 26, 27, 28, 29, 30, 31, 32, 33, 34, 35, 36, 37]
*** 6 total_iters: 38
[93maverage test of epoch 0: loss 0.62308 acc 0.65789 roc_auc 0.79385 prc_auc 0.89107[0m
Training model with dataset, testing using fold 1
*** 4 len(g_list):  150
*** 5 sample_idxes:  [0, 1, 2, 3, 4, 5, 6, 7, 8, 9, 10, 11, 12, 13, 14, 15, 16, 17, 18, 19, 20, 21, 22, 23, 24, 25, 26, 27, 28, 29, 30, 31, 32, 33, 34, 35, 36, 37, 38, 39, 40, 41, 42, 43, 44, 45, 46, 47, 48, 49, 50, 51, 52, 53, 54, 55, 56, 57, 58, 59, 60, 61, 62, 63, 64, 65, 66, 67, 68, 69, 70, 71, 72, 73, 74, 75, 76, 77, 78, 79, 80, 81, 82, 83, 84, 85, 86, 87, 88, 89, 90, 91, 92, 93, 94, 95, 96, 97, 98, 99, 100, 101, 102, 103, 104, 105, 106, 107, 108, 109, 110, 111, 112, 113, 114, 115, 116, 117, 118, 119, 120, 121, 122, 123, 124, 125, 126, 127, 128, 129, 130, 131, 132, 133, 134, 135, 136, 137, 138, 139, 140, 141, 142, 143, 144, 145, 146, 147, 148, 149]
*** 6 total_iters: 150
[92maverage training of epoch 0: loss 0.66687 acc 0.62667 roc_auc 0.51680 prc_auc 0.67611[0m
*** 4 len(g_list):  38
*** 5 sample_idxes:  [0, 1, 2, 3, 4, 5, 6, 7, 8, 9, 10, 11, 12, 13, 14, 15, 16, 17, 18, 19, 20, 21, 22, 23, 24, 25, 26, 27, 28, 29, 30, 31, 32, 33, 34, 35, 36, 37]
*** 6 total_iters: 38
[93maverage test of epoch 0: loss 0.61643 acc 0.65789 roc_auc 0.83385 prc_auc 0.92764[0m
Training model with dataset, testing using fold 2
*** 4 len(g_list):  150
*** 5 sample_idxes:  [0, 1, 2, 3, 4, 5, 6, 7, 8, 9, 10, 11, 12, 13, 14, 15, 16, 17, 18, 19, 20, 21, 22, 23, 24, 25, 26, 27, 28, 29, 30, 31, 32, 33, 34, 35, 36, 37, 38, 39, 40, 41, 42, 43, 44, 45, 46, 47, 48, 49, 50, 51, 52, 53, 54, 55, 56, 57, 58, 59, 60, 61, 62, 63, 64, 65, 66, 67, 68, 69, 70, 71, 72, 73, 74, 75, 76, 77, 78, 79, 80, 81, 82, 83, 84, 85, 86, 87, 88, 89, 90, 91, 92, 93, 94, 95, 96, 97, 98, 99, 100, 101, 102, 103, 104, 105, 106, 107, 108, 109, 110, 111, 112, 113, 114, 115, 116, 117, 118, 119, 120, 121, 122, 123, 124, 125, 126, 127, 128, 129, 130, 131, 132, 133, 134, 135, 136, 137, 138, 139, 140, 141, 142, 143, 144, 145, 146, 147, 148, 149]
*** 6 total_iters: 150
[92maverage training of epoch 0: loss 0.64313 acc 0.60667 roc_auc 0.57560 prc_auc 0.75452[0m
*** 4 len(g_list):  38
*** 5 sample_idxes:  [0, 1, 2, 3, 4, 5, 6, 7, 8, 9, 10, 11, 12, 13, 14, 15, 16, 17, 18, 19, 20, 21, 22, 23, 24, 25, 26, 27, 28, 29, 30, 31, 32, 33, 34, 35, 36, 37]
*** 6 total_iters: 38
[93maverage test of epoch 0: loss 0.63796 acc 0.65789 roc_auc 0.70154 prc_auc 0.84332[0m
Training model with dataset, testing using fold 3
*** 4 len(g_list):  151
*** 5 sample_idxes:  [0, 1, 2, 3, 4, 5, 6, 7, 8, 9, 10, 11, 12, 13, 14, 15, 16, 17, 18, 19, 20, 21, 22, 23, 24, 25, 26, 27, 28, 29, 30, 31, 32, 33, 34, 35, 36, 37, 38, 39, 40, 41, 42, 43, 44, 45, 46, 47, 48, 49, 50, 51, 52, 53, 54, 55, 56, 57, 58, 59, 60, 61, 62, 63, 64, 65, 66, 67, 68, 69, 70, 71, 72, 73, 74, 75, 76, 77, 78, 79, 80, 81, 82, 83, 84, 85, 86, 87, 88, 89, 90, 91, 92, 93, 94, 95, 96, 97, 98, 99, 100, 101, 102, 103, 104, 105, 106, 107, 108, 109, 110, 111, 112, 113, 114, 115, 116, 117, 118, 119, 120, 121, 122, 123, 124, 125, 126, 127, 128, 129, 130, 131, 132, 133, 134, 135, 136, 137, 138, 139, 140, 141, 142, 143, 144, 145, 146, 147, 148, 149, 150]
*** 6 total_iters: 151
[92maverage training of epoch 0: loss 0.66523 acc 0.63576 roc_auc 0.53059 prc_auc 0.68440[0m
*** 4 len(g_list):  37
*** 5 sample_idxes:  [0, 1, 2, 3, 4, 5, 6, 7, 8, 9, 10, 11, 12, 13, 14, 15, 16, 17, 18, 19, 20, 21, 22, 23, 24, 25, 26, 27, 28, 29, 30, 31, 32, 33, 34, 35, 36]
*** 6 total_iters: 37
[93maverage test of epoch 0: loss 0.62365 acc 0.67568 roc_auc 0.65000 prc_auc 0.80297[0m
Training model with dataset, testing using fold 4
*** 4 len(g_list):  151
*** 5 sample_idxes:  [0, 1, 2, 3, 4, 5, 6, 7, 8, 9, 10, 11, 12, 13, 14, 15, 16, 17, 18, 19, 20, 21, 22, 23, 24, 25, 26, 27, 28, 29, 30, 31, 32, 33, 34, 35, 36, 37, 38, 39, 40, 41, 42, 43, 44, 45, 46, 47, 48, 49, 50, 51, 52, 53, 54, 55, 56, 57, 58, 59, 60, 61, 62, 63, 64, 65, 66, 67, 68, 69, 70, 71, 72, 73, 74, 75, 76, 77, 78, 79, 80, 81, 82, 83, 84, 85, 86, 87, 88, 89, 90, 91, 92, 93, 94, 95, 96, 97, 98, 99, 100, 101, 102, 103, 104, 105, 106, 107, 108, 109, 110, 111, 112, 113, 114, 115, 116, 117, 118, 119, 120, 121, 122, 123, 124, 125, 126, 127, 128, 129, 130, 131, 132, 133, 134, 135, 136, 137, 138, 139, 140, 141, 142, 143, 144, 145, 146, 147, 148, 149, 150]
*** 6 total_iters: 151
[92maverage training of epoch 0: loss 0.65168 acc 0.62914 roc_auc 0.55627 prc_auc 0.73295[0m
*** 4 len(g_list):  37
*** 5 sample_idxes:  [0, 1, 2, 3, 4, 5, 6, 7, 8, 9, 10, 11, 12, 13, 14, 15, 16, 17, 18, 19, 20, 21, 22, 23, 24, 25, 26, 27, 28, 29, 30, 31, 32, 33, 34, 35, 36]
*** 6 total_iters: 37
[93maverage test of epoch 0: loss 0.61468 acc 0.67568 roc_auc 0.69000 prc_auc 0.85385[0m
Saving trained model MUTAG for dataset GCN
Run statistics: 
==== Configuration Settings ====
== Run Settings ==
Model: GCN, Dataset: MUTAG
num_epochs: 1
learning_rate: 0.0001
seed: 1800
k_fold: 5
model: GCN
dataset: MUTAG

== Model Settings and results ==
convolution_layers_size: 128-256-512
dropout: 0.5

Accuracy (avg): 0.66501 ROC_AUC (avg): 0.73385 PRC_AUC (avg): 0.86377 

Average forward propagation time taken(ms): 2.6707750829409553
Average backward propagation time taken(ms): 1.2918795836435644

