# conda environments:
#
base                     /apps/anaconda3
DGCNN                    /home/FYP/heyu0012/.conda/envs/DGCNN
GCNN_GAP              *  /home/FYP/heyu0012/.conda/envs/GCNN_GAP
graphgen                 /home/FYP/heyu0012/.conda/envs/graphgen
pytorch                  /home/FYP/heyu0012/.conda/envs/pytorch

PATH:  /home/FYP/heyu0012/.conda/envs/GCNN_GAP/bin:/cm/local/apps/environment-modules/4.4.0/bin:/cm/local/apps/environment-modules/4.4.0/bin:/apps/anaconda3/bin:/cm/local/apps/environment-modules/4.4.0/bin:/apps/anaconda3/condabin:/usr/local/bin:/usr/bin:/usr/local/sbin:/usr/sbin:/home/FYP/heyu0012/bin:/cm/shared/apps/slurm/19.05.5/bin:/sbin:/usr/sbin:/cm/local/apps/environment-modules/4.4.0/bin:/home/FYP/heyu0012/local/bin:/home/FYP/heyu0012/bin:/home/FYP/heyu0012/bin:/cm/shared/apps/slurm/19.05.5/bin:/home/FYP/heyu0012/local/bin:/home/FYP/heyu0012/bin:/usr/local/cuda/bin:/home/FYP/heyu0012/bin:/cm/shared/apps/slurm/19.05.5/bin:/usr/local/cuda/bin:/apps/openmpi-3.1.2/bin:/apps/go/bin:/usr/local/R2019b/bin
====== begin of gnn configuration ======
| msg_average = 0
======   end of gnn configuration ======

  0%|          | 0/150 [00:00<?, ?batch/s]

torch.cuda.is_available():  True 


load_data.py load_model_data(): Unserialising pickled dataset into Graph objects
==== Dataset Information ====
== General Information == 
Number of graphs: 188
Number of classes: 2
Class distribution: 
0:63 1:125 

== Node information== 
Average number of nodes: 18
Average number of edges (undirected): 20
Max number of nodes: 28
Number of distinct node labels: 7
Average number of distinct node labels: 3
Node labels distribution: 
0:2395 1:345 2:593 3:12 4:1 5:23 6:2 

*** 1 train_index:  [  0   2   3   6   9  10  11  12  13  14  15  16  17  19  20  21  22  23
  24  26  27  30  31  32  33  35  36  38  39  41  42  43  44  45  46  47
  48  49  50  52  53  54  56  57  59  60  61  62  63  64  65  66  67  69
  70  71  72  73  74  76  77  78  79  80  81  82  83  84  87  88  89  91
  92  94  95  96  97  98 100 101 102 103 104 106 107 108 109 110 112 113
 115 116 117 118 119 120 121 122 124 125 126 127 129 130 131 132 134 136
 138 139 140 141 142 144 145 146 147 148 149 151 152 153 154 155 156 157
 158 159 160 161 164 165 166 167 169 170 171 172 173 175 176 177 178 179
 180 182 184 185 186 187]
*** 2 test_index:  [  1   4   5   7   8  18  25  28  29  34  37  40  51  55  58  68  75  85
  86  90  93  99 105 111 114 123 128 133 135 137 143 150 162 163 168 174
 181 183]
*** 1 train_index:  [  0   1   2   4   5   6   7   8  10  11  12  13  14  15  16  17  18  19
  20  21  22  24  25  26  27  28  29  30  32  33  34  35  36  37  38  39
  40  41  43  44  45  46  49  50  51  52  53  54  55  56  58  59  60  61
  62  63  64  65  66  67  68  69  70  71  74  75  76  77  79  80  81  82
  83  84  85  86  88  90  91  92  93  94  96  97  98  99 101 102 103 104
 105 106 107 111 112 113 114 115 120 121 122 123 124 125 126 128 129 130
 131 133 134 135 136 137 138 139 140 143 144 145 147 148 150 153 154 155
 156 159 162 163 164 165 167 168 169 170 171 172 173 174 175 177 178 179
 180 181 182 183 186 187]
*** 2 test_index:  [  3   9  23  31  42  47  48  57  72  73  78  87  89  95 100 108 109 110
 116 117 118 119 127 132 141 142 146 149 151 152 157 158 160 161 166 176
 184 185]
*** 1 train_index:  [  1   2   3   4   5   6   7   8   9  10  11  12  13  14  15  17  18  19
  20  23  24  25  26  28  29  31  32  34  35  36  37  38  40  41  42  43
  44  47  48  51  53  54  55  56  57  58  59  60  64  66  68  70  71  72
  73  74  75  76  77  78  79  81  82  84  85  86  87  88  89  90  92  93
  95  96  97  98  99 100 104 105 106 107 108 109 110 111 112 113 114 115
 116 117 118 119 120 121 123 124 125 126 127 128 129 130 131 132 133 134
 135 137 139 140 141 142 143 144 146 148 149 150 151 152 153 156 157 158
 159 160 161 162 163 165 166 167 168 169 171 172 173 174 175 176 177 178
 179 181 183 184 185 186]
*** 2 test_index:  [  0  16  21  22  27  30  33  39  45  46  49  50  52  61  62  63  65  67
  69  80  83  91  94 101 102 103 122 136 138 145 147 154 155 164 170 180
 182 187]
*** 1 train_index:  [  0   1   3   4   5   6   7   8   9  13  14  16  18  19  21  22  23  25
  26  27  28  29  30  31  33  34  36  37  38  39  40  42  43  45  46  47
  48  49  50  51  52  53  55  56  57  58  60  61  62  63  65  66  67  68
  69  71  72  73  75  76  77  78  79  80  81  83  84  85  86  87  88  89
  90  91  92  93  94  95  97  98  99 100 101 102 103 105 106 108 109 110
 111 113 114 115 116 117 118 119 120 121 122 123 125 127 128 131 132 133
 134 135 136 137 138 140 141 142 143 144 145 146 147 148 149 150 151 152
 154 155 156 157 158 160 161 162 163 164 165 166 168 170 171 174 175 176
 180 181 182 183 184 185 187]
*** 2 test_index:  [  2  10  11  12  15  17  20  24  32  35  41  44  54  59  64  70  74  82
  96 104 107 112 124 126 129 130 139 153 159 167 169 172 173 177 178 179
 186]
*** 1 train_index:  [  0   1   2   3   4   5   7   8   9  10  11  12  15  16  17  18  20  21
  22  23  24  25  27  28  29  30  31  32  33  34  35  37  39  40  41  42
  44  45  46  47  48  49  50  51  52  54  55  57  58  59  61  62  63  64
  65  67  68  69  70  72  73  74  75  78  80  82  83  85  86  87  89  90
  91  93  94  95  96  99 100 101 102 103 104 105 107 108 109 110 111 112
 114 116 117 118 119 122 123 124 126 127 128 129 130 132 133 135 136 137
 138 139 141 142 143 145 146 147 149 150 151 152 153 154 155 157 158 159
 160 161 162 163 164 166 167 168 169 170 172 173 174 176 177 178 179 180
 181 182 183 184 185 186 187]
*** 2 test_index:  [  6  13  14  19  26  36  38  43  53  56  60  66  71  76  77  79  81  84
  88  92  97  98 106 113 115 120 121 125 131 134 140 144 148 156 165 171
 175]
*** 3 dataset_features:  {'name': 'MUTAG', 'num_class': 2, 'label_dict': {'0': 0, '1': 1}, 'have_node_labels': True, 'have_node_attributions': False, 'node_dict': {'0': 0, '1': 1, '2': 2, '3': 3, '4': 4, '5': 5, '6': 6, 'UNKNOWN': 7}, 'feat_dim': 8, 'edge_feat_dim': 0, 'max_num_nodes': 28, 'avg_num_nodes': 18, 'graph_sizes_list': [17, 13, 13, 19, 11, 28, 16, 20, 12, 17, 17, 20, 22, 13, 19, 22, 11, 17, 13, 18, 18, 17, 23, 27, 17, 13, 23, 17, 23, 23, 22, 24, 23, 13, 17, 14, 17, 15, 15, 13, 17, 13, 19, 17, 12, 23, 22, 17, 20, 16, 26, 26, 19, 19, 14, 17, 21, 25, 23, 19, 17, 11, 23, 20, 16, 16, 20, 23, 19, 14, 26, 16, 16, 23, 18, 10, 16, 16, 17, 19, 12, 25, 16, 11, 23, 23, 16, 12, 13, 23, 25, 19, 23, 19, 19, 25, 18, 13, 15, 16, 23, 26, 19, 23, 17, 20, 25, 19, 28, 24, 11, 15, 13, 16, 12, 10, 21, 23, 21, 13, 25, 21, 17, 11, 19, 20, 21, 15, 14, 11, 19, 11, 21, 22, 11, 20, 22, 13, 11, 16, 11, 20, 12, 11, 16, 16, 13, 15, 20, 12, 12, 22, 15, 12, 14, 12, 20, 20, 20, 14, 26, 24, 22, 22, 19, 23, 22, 11, 13, 17, 24, 12, 21, 22, 22, 12, 20, 13, 22, 28, 11, 14, 22, 22, 13, 12, 21, 16], 'attr_dim': 0, 'dataset_info': '==== Dataset Information ====\n== General Information == \nNumber of graphs: 188\nNumber of classes: 2\nClass distribution: \n0:63 1:125 \n\n== Node information== \nAverage number of nodes: 18\nAverage number of edges (undirected): 20\nMax number of nodes: 28\nNumber of distinct node labels: 7\nAverage number of distinct node labels: 3\nNode labels distribution: \n0:2395 1:345 2:593 3:12 4:1 5:23 6:2 \n'}
Training a new model: GCN
Training model with dataset, testing using fold 0
*** 4 g_list:  [<utilities.GNNGraph.GNNGraph object at 0x2aab1e786860>, <utilities.GNNGraph.GNNGraph object at 0x2aab1e786048>, <utilities.GNNGraph.GNNGraph object at 0x2aab1e786dd8>, <utilities.GNNGraph.GNNGraph object at 0x2aab1e7869b0>, <utilities.GNNGraph.GNNGraph object at 0x2aab1e786f28>, <utilities.GNNGraph.GNNGraph object at 0x2aab1e786eb8>, <utilities.GNNGraph.GNNGraph object at 0x2aab1e78c780>, <utilities.GNNGraph.GNNGraph object at 0x2aab1e78c080>, <utilities.GNNGraph.GNNGraph object at 0x2aab1e78c048>, <utilities.GNNGraph.GNNGraph object at 0x2aab1e78c860>, <utilities.GNNGraph.GNNGraph object at 0x2aab1e78c208>, <utilities.GNNGraph.GNNGraph object at 0x2aab1e78c160>, <utilities.GNNGraph.GNNGraph object at 0x2aab1e78c0b8>, <utilities.GNNGraph.GNNGraph object at 0x2aab1e78c198>, <utilities.GNNGraph.GNNGraph object at 0x2aab1e78c1d0>, <utilities.GNNGraph.GNNGraph object at 0x2aab1e78c358>, <utilities.GNNGraph.GNNGraph object at 0x2aab1e78c0f0>, <utilities.GNNGraph.GNNGraph object at 0x2aab1e78c240>, <utilities.GNNGraph.GNNGraph object at 0x2aab1e78c400>, <utilities.GNNGraph.GNNGraph object at 0x2aab1e78c278>, <utilities.GNNGraph.GNNGraph object at 0x2aab1e78c4a8>, <utilities.GNNGraph.GNNGraph object at 0x2aab1e78c550>, <utilities.GNNGraph.GNNGraph object at 0x2aab1e78c518>, <utilities.GNNGraph.GNNGraph object at 0x2aab1e78c630>, <utilities.GNNGraph.GNNGraph object at 0x2aab1e78c470>, <utilities.GNNGraph.GNNGraph object at 0x2aab1e78c6d8>, <utilities.GNNGraph.GNNGraph object at 0x2aab1e78c3c8>, <utilities.GNNGraph.GNNGraph object at 0x2aab1e78c748>, <utilities.GNNGraph.GNNGraph object at 0x2aab1e78c5f8>, <utilities.GNNGraph.GNNGraph object at 0x2aab1e78c7f0>, <utilities.GNNGraph.GNNGraph object at 0x2aab1e78c710>, <utilities.GNNGraph.GNNGraph object at 0x2aab1e78c6a0>, <utilities.GNNGraph.GNNGraph object at 0x2aab1e78c978>, <utilities.GNNGraph.GNNGraph object at 0x2aab1e78c908>, <utilities.GNNGraph.GNNGraph object at 0x2aab1e78c8d0>, <utilities.GNNGraph.GNNGraph object at 0x2aab1e78ca90>, <utilities.GNNGraph.GNNGraph object at 0x2aab1e78c7b8>, <utilities.GNNGraph.GNNGraph object at 0x2aab1e78c9b0>, <utilities.GNNGraph.GNNGraph object at 0x2aab1e78cb38>, <utilities.GNNGraph.GNNGraph object at 0x2aab1e78c9e8>, <utilities.GNNGraph.GNNGraph object at 0x2aab1e78cc18>, <utilities.GNNGraph.GNNGraph object at 0x2aab1e78cb70>, <utilities.GNNGraph.GNNGraph object at 0x2aab1e78ccc0>, <utilities.GNNGraph.GNNGraph object at 0x2aab1e78cba8>, <utilities.GNNGraph.GNNGraph object at 0x2aab1e78cbe0>, <utilities.GNNGraph.GNNGraph object at 0x2aab1e78cd68>, <utilities.GNNGraph.GNNGraph object at 0x2aab1e78cac8>, <utilities.GNNGraph.GNNGraph object at 0x2aab1e78cc50>, <utilities.GNNGraph.GNNGraph object at 0x2aab1e78ce10>, <utilities.GNNGraph.GNNGraph object at 0x2aab1e78cd30>, <utilities.GNNGraph.GNNGraph object at 0x2aab1e78cc88>, <utilities.GNNGraph.GNNGraph object at 0x2aab1e78ca58>, <utilities.GNNGraph.GNNGraph object at 0x2aab1e78cef0>, <utilities.GNNGraph.GNNGraph object at 0x2aab1e78cf98>, <utilities.GNNGraph.GNNGraph object at 0x2aab1e78ce48>, <utilities.GNNGraph.GNNGraph object at 0x2aab1e78cf60>, <utilities.GNNGraph.GNNGraph object at 0x2aab1e78cf28>, <utilities.GNNGraph.GNNGraph object at 0x2aab1e78cdd8>, <utilities.GNNGraph.GNNGraph object at 0x2aab1e78cda0>, <utilities.GNNGraph.GNNGraph object at 0x2aab1737e9e8>, <utilities.GNNGraph.GNNGraph object at 0x2aab1737e908>, <utilities.GNNGraph.GNNGraph object at 0x2aab1737e978>, <utilities.GNNGraph.GNNGraph object at 0x2aab1737e8d0>, <utilities.GNNGraph.GNNGraph object at 0x2aab1737e5c0>, <utilities.GNNGraph.GNNGraph object at 0x2aab1737e780>, <utilities.GNNGraph.GNNGraph object at 0x2aab1737e828>, <utilities.GNNGraph.GNNGraph object at 0x2aab1737e550>, <utilities.GNNGraph.GNNGraph object at 0x2aab1737ef98>, <utilities.GNNGraph.GNNGraph object at 0x2aab1737e400>, <utilities.GNNGraph.GNNGraph object at 0x2aab1737e860>, <utilities.GNNGraph.GNNGraph object at 0x2aab1737ebe0>, <utilities.GNNGraph.GNNGraph object at 0x2aab1737e6a0>, <utilities.GNNGraph.GNNGraph object at 0x2aab1737ea58>, <utilities.GNNGraph.GNNGraph object at 0x2aab1737e668>, <utilities.GNNGraph.GNNGraph object at 0x2aab1737eb70>, <utilities.GNNGraph.GNNGraph object at 0x2aab1737ed30>, <utilities.GNNGraph.GNNGraph object at 0x2aab1737ec50>, <utilities.GNNGraph.GNNGraph object at 0x2aab1737eba8>, <utilities.GNNGraph.GNNGraph object at 0x2aab1737ee10>, <utilities.GNNGraph.GNNGraph object at 0x2aab1737ed68>, <utilities.GNNGraph.GNNGraph object at 0x2aab1737ecc0>, <utilities.GNNGraph.GNNGraph object at 0x2aab1737eeb8>, <utilities.GNNGraph.GNNGraph object at 0x2aab1737eda0>, <utilities.GNNGraph.GNNGraph object at 0x2aab1737ef60>, <utilities.GNNGraph.GNNGraph object at 0x2aab1737edd8>, <utilities.GNNGraph.GNNGraph object at 0x2aab1737ee48>, <utilities.GNNGraph.GNNGraph object at 0x2aab1737efd0>, <utilities.GNNGraph.GNNGraph object at 0x2aab1737ef28>, <utilities.GNNGraph.GNNGraph object at 0x2aab1737eef0>, <utilities.GNNGraph.GNNGraph object at 0x2aab1737e748>, <utilities.GNNGraph.GNNGraph object at 0x2aaaaac30518>, <utilities.GNNGraph.GNNGraph object at 0x2aab1e790710>, <utilities.GNNGraph.GNNGraph object at 0x2aab1e790358>, <utilities.GNNGraph.GNNGraph object at 0x2aab1e790048>, <utilities.GNNGraph.GNNGraph object at 0x2aab1e790198>, <utilities.GNNGraph.GNNGraph object at 0x2aab1e7900b8>, <utilities.GNNGraph.GNNGraph object at 0x2aab1e7900f0>, <utilities.GNNGraph.GNNGraph object at 0x2aab1e790240>, <utilities.GNNGraph.GNNGraph object at 0x2aab1e790128>, <utilities.GNNGraph.GNNGraph object at 0x2aab1e7902e8>, <utilities.GNNGraph.GNNGraph object at 0x2aab1e790208>, <utilities.GNNGraph.GNNGraph object at 0x2aab1e790160>, <utilities.GNNGraph.GNNGraph object at 0x2aab1e790390>, <utilities.GNNGraph.GNNGraph object at 0x2aab1e790470>, <utilities.GNNGraph.GNNGraph object at 0x2aab1e7907f0>, <utilities.GNNGraph.GNNGraph object at 0x2aab1e790320>, <utilities.GNNGraph.GNNGraph object at 0x2aab1e7904e0>, <utilities.GNNGraph.GNNGraph object at 0x2aab1e790630>, <utilities.GNNGraph.GNNGraph object at 0x2aab1e7902b0>, <utilities.GNNGraph.GNNGraph object at 0x2aab1e790550>, <utilities.GNNGraph.GNNGraph object at 0x2aab1e7906d8>, <utilities.GNNGraph.GNNGraph object at 0x2aab1e790438>, <utilities.GNNGraph.GNNGraph object at 0x2aab1e7905c0>, <utilities.GNNGraph.GNNGraph object at 0x2aab1e7906a0>, <utilities.GNNGraph.GNNGraph object at 0x2aab1e7905f8>, <utilities.GNNGraph.GNNGraph object at 0x2aab1e7908d0>, <utilities.GNNGraph.GNNGraph object at 0x2aab1e790898>, <utilities.GNNGraph.GNNGraph object at 0x2aab1e790940>, <utilities.GNNGraph.GNNGraph object at 0x2aab1e790860>, <utilities.GNNGraph.GNNGraph object at 0x2aab1e790748>, <utilities.GNNGraph.GNNGraph object at 0x2aab1e790908>, <utilities.GNNGraph.GNNGraph object at 0x2aab1e790a90>, <utilities.GNNGraph.GNNGraph object at 0x2aab1e790cc0>, <utilities.GNNGraph.GNNGraph object at 0x2aab1e7907b8>, <utilities.GNNGraph.GNNGraph object at 0x2aab1e790b38>, <utilities.GNNGraph.GNNGraph object at 0x2aab1e790278>, <utilities.GNNGraph.GNNGraph object at 0x2aab1e790978>, <utilities.GNNGraph.GNNGraph object at 0x2aab1e790be0>, <utilities.GNNGraph.GNNGraph object at 0x2aab1e790d68>, <utilities.GNNGraph.GNNGraph object at 0x2aab1e790a58>, <utilities.GNNGraph.GNNGraph object at 0x2aab1e790ac8>, <utilities.GNNGraph.GNNGraph object at 0x2aab1e790d30>, <utilities.GNNGraph.GNNGraph object at 0x2aab1e790c18>, <utilities.GNNGraph.GNNGraph object at 0x2aab1e790ba8>, <utilities.GNNGraph.GNNGraph object at 0x2aab1e7909b0>, <utilities.GNNGraph.GNNGraph object at 0x2aab1e790e80>, <utilities.GNNGraph.GNNGraph object at 0x2aab1e790e10>, <utilities.GNNGraph.GNNGraph object at 0x2aab1e790ef0>, <utilities.GNNGraph.GNNGraph object at 0x2aab1e790dd8>, <utilities.GNNGraph.GNNGraph object at 0x2aab1e790f28>, <utilities.GNNGraph.GNNGraph object at 0x2aab1e790eb8>, <utilities.GNNGraph.GNNGraph object at 0x2aab1e790b70>, <utilities.GNNGraph.GNNGraph object at 0x2aab1e790b00>, <utilities.GNNGraph.GNNGraph object at 0x2aab1e790f60>, <utilities.GNNGraph.GNNGraph object at 0x2aab1e790828>, <utilities.GNNGraph.GNNGraph object at 0x2aab1e793c50>, <utilities.GNNGraph.GNNGraph object at 0x2aab1e793ba8>, <utilities.GNNGraph.GNNGraph object at 0x2aab1e7930b8>, <utilities.GNNGraph.GNNGraph object at 0x2aab1e793048>, <utilities.GNNGraph.GNNGraph object at 0x2aab1e793160>]
*** 5 sample_idxes:  [0, 1, 2, 3, 4, 5, 6, 7, 8, 9, 10, 11, 12, 13, 14, 15, 16, 17, 18, 19, 20, 21, 22, 23, 24, 25, 26, 27, 28, 29, 30, 31, 32, 33, 34, 35, 36, 37, 38, 39, 40, 41, 42, 43, 44, 45, 46, 47, 48, 49, 50, 51, 52, 53, 54, 55, 56, 57, 58, 59, 60, 61, 62, 63, 64, 65, 66, 67, 68, 69, 70, 71, 72, 73, 74, 75, 76, 77, 78, 79, 80, 81, 82, 83, 84, 85, 86, 87, 88, 89, 90, 91, 92, 93, 94, 95, 96, 97, 98, 99, 100, 101, 102, 103, 104, 105, 106, 107, 108, 109, 110, 111, 112, 113, 114, 115, 116, 117, 118, 119, 120, 121, 122, 123, 124, 125, 126, 127, 128, 129, 130, 131, 132, 133, 134, 135, 136, 137, 138, 139, 140, 141, 142, 143, 144, 145, 146, 147, 148, 149]
*** 6 config:  {'general': {'data_autobalance': False, 'print_dataset_features': True, 'batch_size': 1, 'extract_features': False}, 'run': {'num_epochs': 50, 'learning_rate': 0.0001, 'seed': 1800, 'k_fold': 5, 'model': 'GCN', 'dataset': 'MUTAG'}, 'GNN_models': {'DGCNN': {'convolution_layers_size': '32-32-32-1', 'sortpooling_k': 0.6, 'n_hidden': 128, 'convolution_dropout': 0.5, 'pred_dropout': 0.5, 'FP_len': 0}, 'GCN': {'convolution_layers_size': '128-256-512', 'dropout': 0.5}, 'GCND': {'convolution_layers_size': '128-256-512', 'dropout': 0.5}, 'DiffPool': {'convolution_layers_size': '64-64-64', 'pred_hidden_layers': '50-50-50', 'assign_ratio': 0.25, 'number_of_pooling': 1, 'concat_tensors': False}, 'DiffPoolD': {'convolution_layers_size': '64-64-64', 'pred_hidden_layers': '50-50-50', 'assign_ratio': 0.25, 'number_of_pooling': 1, 'concat_tensors': False}}, 'interpretability_methods': {'DeepLIFT': {'enabled': False, 'compare_with_zero_tensor': True, 'compare_with_isomorphic_samples': True, 'number_of_zero_tensor_samples': 3, 'sample_ids': None, 'number_of_isomorphic_sample_pairs': 5}, 'saliency': {'enabled': False, 'number_of_samples': 3, 'sample_ids': None}, 'LayerGradCAM': {'enabled': False, 'number_of_samples': 3, 'sample_ids': None, 'layer': 0, 'assign_attribution': 'hard'}}, 'metrics': {'fidelity': {'enabled': True, 'importance_range': '0.5,1'}, 'contrastivity': {'enabled': True, 'importance_range': '0.5,1'}, 'sparsity': {'enabled': True, 'importance_range': '0.5,1'}}, 'custom_visualisation_options': {'GNN_models': {'DiffPool': {'cluster_nodes': True}}, 'dataset': {'MUTAG': {'custom_mapping': {'0': 'C', '1': 'N', '2': 'O', '3': 'F', '4': 'I', '5': 'Cl', '6': 'Br'}}}}, 'dataset_features': {'name': 'MUTAG', 'num_class': 2, 'label_dict': {'0': 0, '1': 1}, 'have_node_labels': True, 'have_node_attributions': False, 'node_dict': {'0': 0, '1': 1, '2': 2, '3': 3, '4': 4, '5': 5, '6': 6, 'UNKNOWN': 7}, 'feat_dim': 8, 'edge_feat_dim': 0, 'max_num_nodes': 28, 'avg_num_nodes': 18, 'graph_sizes_list': [17, 13, 13, 19, 11, 28, 16, 20, 12, 17, 17, 20, 22, 13, 19, 22, 11, 17, 13, 18, 18, 17, 23, 27, 17, 13, 23, 17, 23, 23, 22, 24, 23, 13, 17, 14, 17, 15, 15, 13, 17, 13, 19, 17, 12, 23, 22, 17, 20, 16, 26, 26, 19, 19, 14, 17, 21, 25, 23, 19, 17, 11, 23, 20, 16, 16, 20, 23, 19, 14, 26, 16, 16, 23, 18, 10, 16, 16, 17, 19, 12, 25, 16, 11, 23, 23, 16, 12, 13, 23, 25, 19, 23, 19, 19, 25, 18, 13, 15, 16, 23, 26, 19, 23, 17, 20, 25, 19, 28, 24, 11, 15, 13, 16, 12, 10, 21, 23, 21, 13, 25, 21, 17, 11, 19, 20, 21, 15, 14, 11, 19, 11, 21, 22, 11, 20, 22, 13, 11, 16, 11, 20, 12, 11, 16, 16, 13, 15, 20, 12, 12, 22, 15, 12, 14, 12, 20, 20, 20, 14, 26, 24, 22, 22, 19, 23, 22, 11, 13, 17, 24, 12, 21, 22, 22, 12, 20, 13, 22, 28, 11, 14, 22, 22, 13, 12, 21, 16], 'attr_dim': 0, 'dataset_info': '==== Dataset Information ====\n== General Information == \nNumber of graphs: 188\nNumber of classes: 2\nClass distribution: \n0:63 1:125 \n\n== Node information== \nAverage number of nodes: 18\nAverage number of edges (undirected): 20\nMax number of nodes: 28\nNumber of distinct node labels: 7\nAverage number of distinct node labels: 3\nNode labels distribution: \n0:2395 1:345 2:593 3:12 4:1 5:23 6:2 \n'}}
*** 7 node_feat:  tensor([[1., 0., 0., 0., 0., 0., 0., 0.],
        [1., 0., 0., 0., 0., 0., 0., 0.],
        [1., 0., 0., 0., 0., 0., 0., 0.],
        [1., 0., 0., 0., 0., 0., 0., 0.],
        [1., 0., 0., 0., 0., 0., 0., 0.],
        [1., 0., 0., 0., 0., 0., 0., 0.],
        [1., 0., 0., 0., 0., 0., 0., 0.],
        [1., 0., 0., 0., 0., 0., 0., 0.],
        [1., 0., 0., 0., 0., 0., 0., 0.],
        [1., 0., 0., 0., 0., 0., 0., 0.],
        [1., 0., 0., 0., 0., 0., 0., 0.],
        [1., 0., 0., 0., 0., 0., 0., 0.],
        [1., 0., 0., 0., 0., 0., 0., 0.],
        [1., 0., 0., 0., 0., 0., 0., 0.],
        [0., 1., 0., 0., 0., 0., 0., 0.],
        [0., 0., 1., 0., 0., 0., 0., 0.],
        [0., 0., 1., 0., 0., 0., 0., 0.]], device='cuda:0')
*** 8 n2n:  tensor(indices=tensor([[ 0,  0,  1,  1,  2,  2,  3,  3,  3,  4,  4,  4,  5,  5,
                         6,  6,  7,  7,  8,  8,  8,  9,  9,  9, 10, 10, 11, 11,
                        12, 12, 12, 13, 13, 14, 14, 14, 15, 16],
                       [ 1,  2,  0,  5,  0,  3,  2,  4,  9,  3,  5,  6,  1,  4,
                         4,  7,  6,  8,  7,  9, 13,  3,  8, 10,  9, 11, 10, 12,
                        11, 13, 14,  8, 12, 12, 15, 16, 14, 14]]),
       values=tensor([1., 1., 1., 1., 1., 1., 1., 1., 1., 1., 1., 1., 1., 1.,
                      1., 1., 1., 1., 1., 1., 1., 1., 1., 1., 1., 1., 1., 1.,
                      1., 1., 1., 1., 1., 1., 1., 1., 1., 1.]),
       device='cuda:0', size=(17, 17), nnz=38, layout=torch.sparse_coo)

  0%|          | 0/150 [00:00<?, ?batch/s]
